<?xml version="1.0" encoding="UTF-8"?>
<!-- Generated by org.testng.reporters.JUnitReportReporter -->
<testsuite hostname="MUSGW186023-263" name="com.ibatis.demo.TestiBatisMain" tests="1" failures="0" timestamp="30 Jun 2017 01:06:50 GMT" time="0.124" errors="0">
  <testcase name="testSelectQueryUsingiBatis" time="0.124" classname="com.ibatis.demo.TestiBatisMain"/>
</testsuite> <!-- com.ibatis.demo.TestiBatisMain -->
